<?xml version="1.0" encoding="UTF-8"?>
<testsuite name="LeetspeakTest" tests="1" skipped="0" failures="0" errors="0" timestamp="2016-04-20T23:37:26" hostname="epicodus-51.local" time="0.001">
  <properties/>
  <testcase name="runLeetspeak_splitWordInputtedByUser_ArrayList" classname="LeetspeakTest" time="0.001"/>
  <system-out><![CDATA[]]></system-out>
  <system-err><![CDATA[]]></system-err>
</testsuite>
